Determining if the pthread_create exist failed with the following output:
Change Dir: /home/mahesh/Desktop/git_projects/Chat Application/build/CMakeFiles/CMakeTmp

Run Build Command:"/usr/bin/make" "cmTC_11b71/fast"
make[1]: Entering directory '/home/mahesh/Desktop/git_projects/Chat Application/build/CMakeFiles/CMakeTmp'
/usr/bin/make -f CMakeFiles/cmTC_11b71.dir/build.make CMakeFiles/cmTC_11b71.dir/build
make[2]: Entering directory '/home/mahesh/Desktop/git_projects/Chat Application/build/CMakeFiles/CMakeTmp'
Building C object CMakeFiles/cmTC_11b71.dir/CheckSymbolExists.c.o
/usr/bin/cc     -o CMakeFiles/cmTC_11b71.dir/CheckSymbolExists.c.o   -c "/home/mahesh/Desktop/git_projects/Chat Application/build/CMakeFiles/CMakeTmp/CheckSymbolExists.c"
Linking C executable cmTC_11b71
/usr/bin/cmake -E cmake_link_script CMakeFiles/cmTC_11b71.dir/link.txt --verbose=1
/usr/bin/cc       CMakeFiles/cmTC_11b71.dir/CheckSymbolExists.c.o  -o cmTC_11b71 
CMakeFiles/cmTC_11b71.dir/CheckSymbolExists.c.o: In function `main':
CheckSymbolExists.c:(.text+0x16): undefined reference to `pthread_create'
collect2: error: ld returned 1 exit status
CMakeFiles/cmTC_11b71.dir/build.make:97: recipe for target 'cmTC_11b71' failed
make[2]: *** [cmTC_11b71] Error 1
make[2]: Leaving directory '/home/mahesh/Desktop/git_projects/Chat Application/build/CMakeFiles/CMakeTmp'
Makefile:126: recipe for target 'cmTC_11b71/fast' failed
make[1]: *** [cmTC_11b71/fast] Error 2
make[1]: Leaving directory '/home/mahesh/Desktop/git_projects/Chat Application/build/CMakeFiles/CMakeTmp'

File /home/mahesh/Desktop/git_projects/Chat Application/build/CMakeFiles/CMakeTmp/CheckSymbolExists.c:
/* */
#include <pthread.h>

int main(int argc, char** argv)
{
  (void)argv;
#ifndef pthread_create
  return ((int*)(&pthread_create))[argc];
#else
  (void)argc;
  return 0;
#endif
}

Determining if the function pthread_create exists in the pthreads failed with the following output:
Change Dir: /home/mahesh/Desktop/git_projects/Chat Application/build/CMakeFiles/CMakeTmp

Run Build Command:"/usr/bin/make" "cmTC_1eead/fast"
make[1]: Entering directory '/home/mahesh/Desktop/git_projects/Chat Application/build/CMakeFiles/CMakeTmp'
/usr/bin/make -f CMakeFiles/cmTC_1eead.dir/build.make CMakeFiles/cmTC_1eead.dir/build
make[2]: Entering directory '/home/mahesh/Desktop/git_projects/Chat Application/build/CMakeFiles/CMakeTmp'
Building C object CMakeFiles/cmTC_1eead.dir/CheckFunctionExists.c.o
/usr/bin/cc    -DCHECK_FUNCTION_EXISTS=pthread_create   -o CMakeFiles/cmTC_1eead.dir/CheckFunctionExists.c.o   -c /usr/share/cmake-3.5/Modules/CheckFunctionExists.c
Linking C executable cmTC_1eead
/usr/bin/cmake -E cmake_link_script CMakeFiles/cmTC_1eead.dir/link.txt --verbose=1
/usr/bin/cc   -DCHECK_FUNCTION_EXISTS=pthread_create    CMakeFiles/cmTC_1eead.dir/CheckFunctionExists.c.o  -o cmTC_1eead -lpthreads 
/usr/bin/ld: cannot find -lpthreads
collect2: error: ld returned 1 exit status
CMakeFiles/cmTC_1eead.dir/build.make:97: recipe for target 'cmTC_1eead' failed
make[2]: *** [cmTC_1eead] Error 1
make[2]: Leaving directory '/home/mahesh/Desktop/git_projects/Chat Application/build/CMakeFiles/CMakeTmp'
Makefile:126: recipe for target 'cmTC_1eead/fast' failed
make[1]: *** [cmTC_1eead/fast] Error 2
make[1]: Leaving directory '/home/mahesh/Desktop/git_projects/Chat Application/build/CMakeFiles/CMakeTmp'


